#
# There is insufficient memory for the Java Runtime Environment to continue.
# Native memory allocation (malloc) failed to allocate 1211536 bytes. Error detail: Chunk::new
# Possible reasons:
#   The system is out of physical RAM or swap space
#   This process is running with CompressedOops enabled, and the Java Heap may be blocking the growth of the native heap
# Possible solutions:
#   Reduce memory load on the system
#   Increase physical memory or swap space
#   Check if swap backing store is full
#   Decrease Java heap size (-Xmx/-Xms)
#   Decrease number of Java threads
#   Decrease Java thread stack sizes (-Xss)
#   Set larger code cache with -XX:ReservedCodeCacheSize=
#   JVM is running with Unscaled Compressed Oops mode in which the Java heap is
#     placed in the first 4GB address space. The Java Heap base address is the
#     maximum limit for the native heap growth. Please use -XX:HeapBaseMinAddress
#     to set the Java Heap base and to place the Java Heap above 4GB virtual address.
# This output file may be truncated or incomplete.
#
#  Out of Memory Error (arena.cpp:191), pid=58148, tid=87224
#
# JRE version: OpenJDK Runtime Environment Microsoft-9889599 (17.0.12+7) (build 17.0.12+7-LTS)
# Java VM: OpenJDK 64-Bit Server VM Microsoft-9889599 (17.0.12+7-LTS, mixed mode, sharing, tiered, compressed oops, compressed class ptrs, g1 gc, windows-amd64)
# No core dump will be written. Minidumps are not enabled by default on client versions of Windows
#

---------------  S U M M A R Y ------------

Command Line: -Xmx64m -Xms64m -Dorg.gradle.appname=gradlew org.gradle.wrapper.GradleWrapperMain app:installDebug -PreactNativeDevServerPort=8081

Host: 12th Gen Intel(R) Core(TM) i5-1235U, 12 cores, 7G,  Windows 10 , 64 bit Build 19041 (10.0.19041.4597)
Time: Sat Aug 31 17:55:32 2024 Pakistan Standard Time elapsed time: 74.124256 seconds (0d 0h 1m 14s)

---------------  T H R E A D  ---------------

Current thread (0x000002313444ab20):  JavaThread "C2 CompilerThread0" daemon [_thread_in_native, id=87224, stack(0x000000b7a4e00000,0x000000b7a4f00000)]


Current CompileTask:
C2:  74124 1601 %     4       org.gradle.internal.logging.text.AbstractLineChoppingStyledTextOutput::doAppend @ 10 (43 bytes)

Stack: [0x000000b7a4e00000,0x000000b7a4f00000]
Native frames: (J=compiled Java code, j=interpreted, Vv=VM code, C=native code)
V  [jvm.dll+0x686d99]
V  [jvm.dll+0x83daf8]
V  [jvm.dll+0x83f5a3]
V  [jvm.dll+0x83fc13]
V  [jvm.dll+0x2492ef]
V  [jvm.dll+0xad0a4]
V  [jvm.dll+0xad73c]
V  [jvm.dll+0x36a3ff]
V  [jvm.dll+0x334b83]
V  [jvm.dll+0x33401a]
V  [jvm.dll+0x21a538]
V  [jvm.dll+0x21996f]
V  [jvm.dll+0x1a53e6]
V  [jvm.dll+0x229faa]
V  [jvm.dll+0x2280fb]
V  [jvm.dll+0x7f3508]
V  [jvm.dll+0x7ed87c]
V  [jvm.dll+0x685c77]
C  [ucrtbase.dll+0x21bb2]
C  [KERNEL32.DLL+0x17374]
C  [ntdll.dll+0x4cc91]


---------------  P R O C E S S  ---------------

Threads class SMR info:
_java_thread_list=0x000002317ab46620, length=15, elements={
0x000002311a5fbf70, 0x000002311a6abd50, 0x000002311a6acbd0, 0x0000023134442e10,
0x00000231344439d0, 0x00000231344473b0, 0x0000023134449d80, 0x000002313444ab20,
0x000002313444c530, 0x000002313444cf30, 0x000002313458fb80, 0x0000023134596110,
0x000002317a3139f0, 0x000002317a9c1a40, 0x000002317a999190
}

Java Threads: ( => current thread )
  0x000002311a5fbf70 JavaThread "main" [_thread_in_native, id=79316, stack(0x000000b7a4100000,0x000000b7a4200000)]
  0x000002311a6abd50 JavaThread "Reference Handler" daemon [_thread_blocked, id=88904, stack(0x000000b7a4800000,0x000000b7a4900000)]
  0x000002311a6acbd0 JavaThread "Finalizer" daemon [_thread_blocked, id=92080, stack(0x000000b7a4900000,0x000000b7a4a00000)]
  0x0000023134442e10 JavaThread "Signal Dispatcher" daemon [_thread_blocked, id=37228, stack(0x000000b7a4a00000,0x000000b7a4b00000)]
  0x00000231344439d0 JavaThread "Attach Listener" daemon [_thread_blocked, id=66844, stack(0x000000b7a4b00000,0x000000b7a4c00000)]
  0x00000231344473b0 JavaThread "Service Thread" daemon [_thread_blocked, id=75652, stack(0x000000b7a4c00000,0x000000b7a4d00000)]
  0x0000023134449d80 JavaThread "Monitor Deflation Thread" daemon [_thread_blocked, id=53192, stack(0x000000b7a4d00000,0x000000b7a4e00000)]
=>0x000002313444ab20 JavaThread "C2 CompilerThread0" daemon [_thread_in_native, id=87224, stack(0x000000b7a4e00000,0x000000b7a4f00000)]
  0x000002313444c530 JavaThread "C1 CompilerThread0" daemon [_thread_blocked, id=90880, stack(0x000000b7a4f00000,0x000000b7a5000000)]
  0x000002313444cf30 JavaThread "Sweeper thread" daemon [_thread_blocked, id=94044, stack(0x000000b7a5000000,0x000000b7a5100000)]
  0x000002313458fb80 JavaThread "Notification Thread" daemon [_thread_blocked, id=80076, stack(0x000000b7a5100000,0x000000b7a5200000)]
  0x0000023134596110 JavaThread "Common-Cleaner" daemon [_thread_blocked, id=79164, stack(0x000000b7a5300000,0x000000b7a5400000)]
  0x000002317a3139f0 JavaThread "pool-1-thread-1" [_thread_blocked, id=88072, stack(0x000000b7a5800000,0x000000b7a5900000)]
  0x000002317a9c1a40 JavaThread "DisconnectableInputStream source reader" daemon [_thread_in_native, id=61056, stack(0x000000b7a5a00000,0x000000b7a5b00000)]
  0x000002317a999190 JavaThread "Forward input" [_thread_blocked, id=88612, stack(0x000000b7a5b00000,0x000000b7a5c00000)]

Other Threads:
  0x000002311a6a8890 VMThread "VM Thread" [stack: 0x000000b7a4700000,0x000000b7a4800000] [id=87248]
  0x0000023134590060 WatcherThread [stack: 0x000000b7a5200000,0x000000b7a5300000] [id=90552]
  0x000002311a61d8b0 GCTaskThread "GC Thread#0" [stack: 0x000000b7a4200000,0x000000b7a4300000] [id=64172]
  0x000002317a82aa50 GCTaskThread "GC Thread#1" [stack: 0x000000b7a5400000,0x000000b7a5500000] [id=55876]
  0x000002317a5b07d0 GCTaskThread "GC Thread#2" [stack: 0x000000b7a5500000,0x000000b7a5600000] [id=87816]
  0x000002317a86db00 GCTaskThread "GC Thread#3" [stack: 0x000000b7a5600000,0x000000b7a5700000] [id=89964]
  0x000002317a29e860 GCTaskThread "GC Thread#4" [stack: 0x000000b7a5700000,0x000000b7a5800000] [id=82644]
  0x0000023134846760 GCTaskThread "GC Thread#5" [stack: 0x000000b7a5c00000,0x000000b7a5d00000] [id=78408]
  0x000002317ab0eec0 GCTaskThread "GC Thread#6" [stack: 0x000000b7a5d00000,0x000000b7a5e00000] [id=73196]
  0x000002317ab0f180 GCTaskThread "GC Thread#7" [stack: 0x000000b7a5e00000,0x000000b7a5f00000] [id=72880]
  0x000002311a61f000 ConcurrentGCThread "G1 Main Marker" [stack: 0x000000b7a4300000,0x000000b7a4400000] [id=93300]
  0x000002311a61fa20 ConcurrentGCThread "G1 Conc#0" [stack: 0x000000b7a4400000,0x000000b7a4500000] [id=88396]
  0x000002311a68d580 ConcurrentGCThread "G1 Refine#0" [stack: 0x000000b7a4500000,0x000000b7a4600000] [id=92684]
  0x000002311a68dfb0 ConcurrentGCThread "G1 Service" [stack: 0x000000b7a4600000,0x000000b7a4700000] [id=92468]

Threads with active compile tasks:
C2 CompilerThread0    74149 1601 %     4       org.gradle.internal.logging.text.AbstractLineChoppingStyledTextOutput::doAppend @ 10 (43 bytes)

VM state: not at safepoint (normal execution)

VM Mutex/Monitor currently owned by a thread: None

Heap address: 0x00000000fc000000, size: 64 MB, Compressed Oops mode: 32-bit

CDS archive(s) mapped at: [0x0000023135000000-0x0000023135bb0000-0x0000023135bb0000), size 12255232, SharedBaseAddress: 0x0000023135000000, ArchiveRelocationMode: 1.
Compressed class space mapped at: 0x0000023136000000-0x0000023176000000, reserved size: 1073741824
Narrow klass base: 0x0000023135000000, Narrow klass shift: 0, Narrow klass range: 0x100000000

GC Precious Log:
 CPUs: 12 total, 12 available
 Memory: 7916M
 Large Page Support: Disabled
 NUMA Support: Disabled
 Compressed Oops: Enabled (32-bit)
 Heap Region Size: 1M
 Heap Min Capacity: 64M
 Heap Initial Capacity: 64M
 Heap Max Capacity: 64M
 Pre-touch: Disabled
 Parallel Workers: 10
 Concurrent Workers: 3
 Concurrent Refinement Workers: 10
 Periodic GC: Disabled

Heap:
 garbage-first heap   total 65536K, used 13905K [0x00000000fc000000, 0x0000000100000000)
  region size 1024K, 4 young (4096K), 2 survivors (2048K)
 Metaspace       used 9357K, committed 9600K, reserved 1114112K
  class space    used 1242K, committed 1344K, reserved 1048576K

Heap Regions: E=young(eden), S=young(survivor), O=old, HS=humongous(starts), HC=humongous(continues), CS=collection set, F=free, OA=open archive, CA=closed archive, TAMS=top-at-mark-start (previous, next)
|   0|0x00000000fc000000, 0x00000000fc100000, 0x00000000fc100000|100%|HS|  |TAMS 0x00000000fc000000, 0x00000000fc000000| Complete 
|   1|0x00000000fc100000, 0x00000000fc200000, 0x00000000fc200000|100%|HC|  |TAMS 0x00000000fc100000, 0x00000000fc100000| Complete 
|   2|0x00000000fc200000, 0x00000000fc300000, 0x00000000fc300000|100%|HC|  |TAMS 0x00000000fc200000, 0x00000000fc200000| Complete 
|   3|0x00000000fc300000, 0x00000000fc400000, 0x00000000fc400000|100%|HC|  |TAMS 0x00000000fc300000, 0x00000000fc300000| Complete 
|   4|0x00000000fc400000, 0x00000000fc500000, 0x00000000fc500000|100%| O|  |TAMS 0x00000000fc400000, 0x00000000fc400000| Untracked 
|   5|0x00000000fc500000, 0x00000000fc600000, 0x00000000fc600000|100%| O|  |TAMS 0x00000000fc500000, 0x00000000fc500000| Untracked 
|   6|0x00000000fc600000, 0x00000000fc700000, 0x00000000fc700000|100%| O|  |TAMS 0x00000000fc600000, 0x00000000fc600000| Untracked 
|   7|0x00000000fc700000, 0x00000000fc800000, 0x00000000fc800000|100%| O|  |TAMS 0x00000000fc700000, 0x00000000fc700000| Untracked 
|   8|0x00000000fc800000, 0x00000000fc900000, 0x00000000fc900000|100%| O|  |TAMS 0x00000000fc800000, 0x00000000fc800000| Untracked 
|   9|0x00000000fc900000, 0x00000000fca00000, 0x00000000fca00000|100%| O|  |TAMS 0x00000000fc900000, 0x00000000fc900000| Untracked 
|  10|0x00000000fca00000, 0x00000000fcaaf600, 0x00000000fcb00000| 68%| O|  |TAMS 0x00000000fca00000, 0x00000000fca00000| Untracked 
|  11|0x00000000fcb00000, 0x00000000fcb00000, 0x00000000fcc00000|  0%| F|  |TAMS 0x00000000fcb00000, 0x00000000fcb00000| Untracked 
|  12|0x00000000fcc00000, 0x00000000fcc00000, 0x00000000fcd00000|  0%| F|  |TAMS 0x00000000fcc00000, 0x00000000fcc00000| Untracked 
|  13|0x00000000fcd00000, 0x00000000fcd00000, 0x00000000fce00000|  0%| F|  |TAMS 0x00000000fcd00000, 0x00000000fcd00000| Untracked 
|  14|0x00000000fce00000, 0x00000000fce00000, 0x00000000fcf00000|  0%| F|  |TAMS 0x00000000fce00000, 0x00000000fce00000| Untracked 
|  15|0x00000000fcf00000, 0x00000000fcf00000, 0x00000000fd000000|  0%| F|  |TAMS 0x00000000fcf00000, 0x00000000fcf00000| Untracked 
|  16|0x00000000fd000000, 0x00000000fd000000, 0x00000000fd100000|  0%| F|  |TAMS 0x00000000fd000000, 0x00000000fd000000| Untracked 
|  17|0x00000000fd100000, 0x00000000fd100000, 0x00000000fd200000|  0%| F|  |TAMS 0x00000000fd100000, 0x00000000fd100000| Untracked 
|  18|0x00000000fd200000, 0x00000000fd200000, 0x00000000fd300000|  0%| F|  |TAMS 0x00000000fd200000, 0x00000000fd200000| Untracked 
|  19|0x00000000fd300000, 0x00000000fd300000, 0x00000000fd400000|  0%| F|  |TAMS 0x00000000fd300000, 0x00000000fd300000| Untracked 
|  20|0x00000000fd400000, 0x00000000fd400000, 0x00000000fd500000|  0%| F|  |TAMS 0x00000000fd400000, 0x00000000fd400000| Untracked 
|  21|0x00000000fd500000, 0x00000000fd500000, 0x00000000fd600000|  0%| F|  |TAMS 0x00000000fd500000, 0x00000000fd500000| Untracked 
|  22|0x00000000fd600000, 0x00000000fd600000, 0x00000000fd700000|  0%| F|  |TAMS 0x00000000fd600000, 0x00000000fd600000| Untracked 
|  23|0x00000000fd700000, 0x00000000fd700000, 0x00000000fd800000|  0%| F|  |TAMS 0x00000000fd700000, 0x00000000fd700000| Untracked 
|  24|0x00000000fd800000, 0x00000000fd800000, 0x00000000fd900000|  0%| F|  |TAMS 0x00000000fd800000, 0x00000000fd800000| Untracked 
|  25|0x00000000fd900000, 0x00000000fd900000, 0x00000000fda00000|  0%| F|  |TAMS 0x00000000fd900000, 0x00000000fd900000| Untracked 
|  26|0x00000000fda00000, 0x00000000fda00000, 0x00000000fdb00000|  0%| F|  |TAMS 0x00000000fda00000, 0x00000000fda00000| Untracked 
|  27|0x00000000fdb00000, 0x00000000fdb00000, 0x00000000fdc00000|  0%| F|  |TAMS 0x00000000fdb00000, 0x00000000fdb00000| Untracked 
|  28|0x00000000fdc00000, 0x00000000fdc00000, 0x00000000fdd00000|  0%| F|  |TAMS 0x00000000fdc00000, 0x00000000fdc00000| Untracked 
|  29|0x00000000fdd00000, 0x00000000fdd00000, 0x00000000fde00000|  0%| F|  |TAMS 0x00000000fdd00000, 0x00000000fdd00000| Untracked 
|  30|0x00000000fde00000, 0x00000000fde00000, 0x00000000fdf00000|  0%| F|  |TAMS 0x00000000fde00000, 0x00000000fde00000| Untracked 
|  31|0x00000000fdf00000, 0x00000000fdf00000, 0x00000000fe000000|  0%| F|  |TAMS 0x00000000fdf00000, 0x00000000fdf00000| Untracked 
|  32|0x00000000fe000000, 0x00000000fe000000, 0x00000000fe100000|  0%| F|  |TAMS 0x00000000fe000000, 0x00000000fe000000| Untracked 
|  33|0x00000000fe100000, 0x00000000fe100000, 0x00000000fe200000|  0%| F|  |TAMS 0x00000000fe100000, 0x00000000fe100000| Untracked 
|  34|0x00000000fe200000, 0x00000000fe200000, 0x00000000fe300000|  0%| F|  |TAMS 0x00000000fe200000, 0x00000000fe200000| Untracked 
|  35|0x00000000fe300000, 0x00000000fe300000, 0x00000000fe400000|  0%| F|  |TAMS 0x00000000fe300000, 0x00000000fe300000| Untracked 
|  36|0x00000000fe400000, 0x00000000fe400000, 0x00000000fe500000|  0%| F|  |TAMS 0x00000000fe400000, 0x00000000fe400000| Untracked 
|  37|0x00000000fe500000, 0x00000000fe5e5020, 0x00000000fe600000| 89%| S|CS|TAMS 0x00000000fe500000, 0x00000000fe500000| Complete 
|  38|0x00000000fe600000, 0x00000000fe600000, 0x00000000fe700000|  0%| F|  |TAMS 0x00000000fe600000, 0x00000000fe600000| Untracked 
|  39|0x00000000fe700000, 0x00000000fe700000, 0x00000000fe800000|  0%| F|  |TAMS 0x00000000fe700000, 0x00000000fe700000| Untracked 
|  40|0x00000000fe800000, 0x00000000fe800000, 0x00000000fe900000|  0%| F|  |TAMS 0x00000000fe800000, 0x00000000fe800000| Untracked 
|  41|0x00000000fe900000, 0x00000000fea00000, 0x00000000fea00000|100%| S|CS|TAMS 0x00000000fe900000, 0x00000000fe900000| Complete 
|  42|0x00000000fea00000, 0x00000000fea00000, 0x00000000feb00000|  0%| F|  |TAMS 0x00000000fea00000, 0x00000000fea00000| Untracked 
|  43|0x00000000feb00000, 0x00000000feb00000, 0x00000000fec00000|  0%| F|  |TAMS 0x00000000feb00000, 0x00000000feb00000| Untracked 
|  44|0x00000000fec00000, 0x00000000fec00000, 0x00000000fed00000|  0%| F|  |TAMS 0x00000000fec00000, 0x00000000fec00000| Untracked 
|  45|0x00000000fed00000, 0x00000000fed00000, 0x00000000fee00000|  0%| F|  |TAMS 0x00000000fed00000, 0x00000000fed00000| Untracked 
|  46|0x00000000fee00000, 0x00000000fee00000, 0x00000000fef00000|  0%| F|  |TAMS 0x00000000fee00000, 0x00000000fee00000| Untracked 
|  47|0x00000000fef00000, 0x00000000fef00000, 0x00000000ff000000|  0%| F|  |TAMS 0x00000000fef00000, 0x00000000fef00000| Untracked 
|  48|0x00000000ff000000, 0x00000000ff000000, 0x00000000ff100000|  0%| F|  |TAMS 0x00000000ff000000, 0x00000000ff000000| Untracked 
|  49|0x00000000ff100000, 0x00000000ff100000, 0x00000000ff200000|  0%| F|  |TAMS 0x00000000ff100000, 0x00000000ff100000| Untracked 
|  50|0x00000000ff200000, 0x00000000ff200000, 0x00000000ff300000|  0%| F|  |TAMS 0x00000000ff200000, 0x00000000ff200000| Untracked 
|  51|0x00000000ff300000, 0x00000000ff300000, 0x00000000ff400000|  0%| F|  |TAMS 0x00000000ff300000, 0x00000000ff300000| Untracked 
|  52|0x00000000ff400000, 0x00000000ff400000, 0x00000000ff500000|  0%| F|  |TAMS 0x00000000ff400000, 0x00000000ff400000| Untracked 
|  53|0x00000000ff500000, 0x00000000ff500000, 0x00000000ff600000|  0%| F|  |TAMS 0x00000000ff500000, 0x00000000ff500000| Untracked 
|  54|0x00000000ff600000, 0x00000000ff600000, 0x00000000ff700000|  0%| F|  |TAMS 0x00000000ff600000, 0x00000000ff600000| Untracked 
|  55|0x00000000ff700000, 0x00000000ff700000, 0x00000000ff800000|  0%| F|  |TAMS 0x00000000ff700000, 0x00000000ff700000| Untracked 
|  56|0x00000000ff800000, 0x00000000ff800000, 0x00000000ff900000|  0%| F|  |TAMS 0x00000000ff800000, 0x00000000ff800000| Untracked 
|  57|0x00000000ff900000, 0x00000000ff900000, 0x00000000ffa00000|  0%| F|  |TAMS 0x00000000ff900000, 0x00000000ff900000| Untracked 
|  58|0x00000000ffa00000, 0x00000000ffa00000, 0x00000000ffb00000|  0%| F|  |TAMS 0x00000000ffa00000, 0x00000000ffa00000| Untracked 
|  59|0x00000000ffb00000, 0x00000000ffb00000, 0x00000000ffc00000|  0%| F|  |TAMS 0x00000000ffb00000, 0x00000000ffb00000| Untracked 
|  60|0x00000000ffc00000, 0x00000000ffc00000, 0x00000000ffd00000|  0%| F|  |TAMS 0x00000000ffc00000, 0x00000000ffc00000| Untracked 
|  61|0x00000000ffd00000, 0x00000000ffd00000, 0x00000000ffe00000|  0%| F|  |TAMS 0x00000000ffd00000, 0x00000000ffd00000| Untracked 
|  62|0x00000000ffe00000, 0x00000000ffecdc90, 0x00000000fff00000| 80%| E|  |TAMS 0x00000000ffe00000, 0x00000000ffe00000| Complete 
|  63|0x00000000fff00000, 0x0000000100000000, 0x0000000100000000|100%| E|CS|TAMS 0x00000000fff00000, 0x00000000fff00000| Complete 

Card table byte_map: [0x00000231185e0000,0x0000023118600000] _byte_map_base: 0x0000023117e00000

Marking Bits (Prev, Next): (CMBitMap*) 0x000002311a61ded0, (CMBitMap*) 0x000002311a61df10
 Prev Bits: [0x0000023131680000, 0x0000023131780000)
 Next Bits: [0x0000023131780000, 0x0000023131880000)

Polling page: 0x0000023118320000

Metaspace:

Usage:
  Non-class:      7.92 MB used.
      Class:      1.21 MB used.
       Both:      9.14 MB used.

Virtual space:
  Non-class space:       64.00 MB reserved,       8.06 MB ( 13%) committed,  1 nodes.
      Class space:        1.00 GB reserved,       1.31 MB ( <1%) committed,  1 nodes.
             Both:        1.06 GB reserved,       9.38 MB ( <1%) committed. 

Chunk freelists:
   Non-Class:  7.73 MB
       Class:  14.61 MB
        Both:  22.34 MB

MaxMetaspaceSize: unlimited
CompressedClassSpaceSize: 1.00 GB
Initial GC threshold: 21.00 MB
Current GC threshold: 21.00 MB
CDS: on
MetaspaceReclaimPolicy: balanced
 - commit_granule_bytes: 65536.
 - commit_granule_words: 8192.
 - virtual_space_node_default_size: 8388608.
 - enlarge_chunks_in_place: 1.
 - new_chunks_are_fully_committed: 0.
 - uncommit_free_chunks: 1.
 - use_allocation_guard: 0.
 - handle_deallocations: 1.


Internal statistics:

num_allocs_failed_limit: 0.
num_arena_births: 82.
num_arena_deaths: 0.
num_vsnodes_births: 2.
num_vsnodes_deaths: 0.
num_space_committed: 150.
num_space_uncommitted: 0.
num_chunks_returned_to_freelist: 0.
num_chunks_taken_from_freelist: 332.
num_chunk_merges: 0.
num_chunk_splits: 229.
num_chunks_enlarged: 187.
num_inconsistent_stats: 0.

CodeHeap 'non-profiled nmethods': size=120000Kb used=600Kb max_used=600Kb free=119400Kb
 bounds [0x0000023129c00000, 0x0000023129e70000, 0x0000023131130000]
CodeHeap 'profiled nmethods': size=120000Kb used=3032Kb max_used=3032Kb free=116967Kb
 bounds [0x0000023122130000, 0x0000023122430000, 0x0000023129660000]
CodeHeap 'non-nmethods': size=5760Kb used=1168Kb max_used=1183Kb free=4591Kb
 bounds [0x0000023129660000, 0x00000231298d0000, 0x0000023129c00000]
 total_blobs=2063 nmethods=1600 adapters=376
 compilation: enabled
              stopped_count=0, restarted_count=0
 full_count=0

Compilation events (20 events):
Event: 64.538 Thread 0x000002313444c530 nmethod 1591 0x0000023122421710 code [0x0000023122421920, 0x0000023122422068]
Event: 64.754 Thread 0x000002313444ab20 1592       4       java.nio.Buffer::position (52 bytes)
Event: 64.755 Thread 0x000002313444ab20 nmethod 1592 0x0000023129c95390 code [0x0000023129c95500, 0x0000023129c955d8]
Event: 65.151 Thread 0x000002313444c530 1593       3       org.gradle.internal.logging.sink.GroupingProgressLogEventGenerator::access$602 (7 bytes)
Event: 65.152 Thread 0x000002313444c530 nmethod 1593 0x0000023122422310 code [0x00000231224224a0, 0x0000023122422598]
Event: 65.248 Thread 0x000002313444c530 1594       3       java.util.ArrayList::clear (43 bytes)
Event: 65.248 Thread 0x000002313444c530 nmethod 1594 0x0000023122422690 code [0x0000023122422840, 0x0000023122422bb8]
Event: 71.838 Thread 0x000002313444c530 1595       3       com.google.common.collect.CollectPreconditions::checkNonnegative (37 bytes)
Event: 71.840 Thread 0x000002313444c530 nmethod 1595 0x0000023122422d10 code [0x0000023122422f00, 0x0000023122423218]
Event: 72.437 Thread 0x000002313444c530 1596       3       org.gradle.internal.logging.events.StyledTextOutputEvent::<init> (24 bytes)
Event: 72.438 Thread 0x000002313444ab20 1598       4       java.io.OutputStream::flush (1 bytes)
Event: 72.438 Thread 0x000002313444ab20 nmethod 1598 0x0000023129c95690 code [0x0000023129c95800, 0x0000023129c95878]
Event: 72.438 Thread 0x000002313444c530 nmethod 1596 0x0000023122423390 code [0x0000023122423540, 0x0000023122423778]
Event: 72.438 Thread 0x000002313444c530 1597       3       org.gradle.internal.logging.events.StyledTextOutputEvent::render (55 bytes)
Event: 72.439 Thread 0x000002313444c530 nmethod 1597 0x0000023122423890 code [0x0000023122423ac0, 0x0000023122424528]
Event: 72.553 Thread 0x000002313444ab20 1599       4       java.lang.StringCoding::implEncodeAsciiArray (47 bytes)
Event: 72.561 Thread 0x000002313444ab20 nmethod 1599 0x0000023129c95990 code [0x0000023129c95b00, 0x0000023129c95eb8]
Event: 73.849 Thread 0x000002313444c530 1600       3       org.gradle.internal.logging.sink.GroupingProgressLogEventGenerator$OperationGroup::flushOutput (197 bytes)
Event: 73.850 Thread 0x000002313444c530 nmethod 1600 0x0000023122424890 code [0x0000023122424b60, 0x0000023122425b08]
Event: 74.038 Thread 0x000002313444ab20 1601 %     4       org.gradle.internal.logging.text.AbstractLineChoppingStyledTextOutput::doAppend @ 10 (43 bytes)

GC Heap History (4 events):
Event: 0.367 GC heap before
{Heap before GC invocations=0 (full 0):
 garbage-first heap   total 65536K, used 26624K [0x00000000fc000000, 0x0000000100000000)
  region size 1024K, 23 young (23552K), 0 survivors (0K)
 Metaspace       used 2558K, committed 2752K, reserved 1114112K
  class space    used 267K, committed 384K, reserved 1048576K
}
Event: 0.371 GC heap after
{Heap after GC invocations=1 (full 0):
 garbage-first heap   total 65536K, used 10928K [0x00000000fc000000, 0x0000000100000000)
  region size 1024K, 3 young (3072K), 3 survivors (3072K)
 Metaspace       used 2558K, committed 2752K, reserved 1114112K
  class space    used 267K, committed 384K, reserved 1048576K
}
Event: 1.753 GC heap before
{Heap before GC invocations=1 (full 0):
 garbage-first heap   total 65536K, used 33456K [0x00000000fc000000, 0x0000000100000000)
  region size 1024K, 25 young (25600K), 3 survivors (3072K)
 Metaspace       used 8854K, committed 9088K, reserved 1114112K
  class space    used 1213K, committed 1344K, reserved 1048576K
}
Event: 1.758 GC heap after
{Heap after GC invocations=2 (full 0):
 garbage-first heap   total 65536K, used 12881K [0x00000000fc000000, 0x0000000100000000)
  region size 1024K, 2 young (2048K), 2 survivors (2048K)
 Metaspace       used 8854K, committed 9088K, reserved 1114112K
  class space    used 1213K, committed 1344K, reserved 1048576K
}

Dll operation events (12 events):
Event: 0.003 Loaded shared library C:\Program Files\Microsoft\jdk-17.0.12.7-hotspot\bin\java.dll
Event: 0.015 Loaded shared library C:\Program Files\Microsoft\jdk-17.0.12.7-hotspot\bin\jsvml.dll
Event: 0.031 Loaded shared library C:\Program Files\Microsoft\jdk-17.0.12.7-hotspot\bin\net.dll
Event: 0.032 Loaded shared library C:\Program Files\Microsoft\jdk-17.0.12.7-hotspot\bin\nio.dll
Event: 0.033 Loaded shared library C:\Program Files\Microsoft\jdk-17.0.12.7-hotspot\bin\zip.dll
Event: 0.035 Loaded shared library C:\Program Files\Microsoft\jdk-17.0.12.7-hotspot\bin\verify.dll
Event: 0.230 Loaded shared library C:\Program Files\Microsoft\jdk-17.0.12.7-hotspot\bin\jimage.dll
Event: 0.454 Loaded shared library C:\Users\PMLS\.gradle\native\c067742578af261105cb4f569cf0c3c89f3d7b1fecec35dd04571415982c5e48\windows-amd64\native-platform.dll
Event: 0.610 Loaded shared library C:\Program Files\Microsoft\jdk-17.0.12.7-hotspot\bin\management.dll
Event: 0.612 Loaded shared library C:\Program Files\Microsoft\jdk-17.0.12.7-hotspot\bin\management_ext.dll
Event: 0.746 Loaded shared library C:\Program Files\Microsoft\jdk-17.0.12.7-hotspot\bin\extnet.dll
Event: 0.766 Loaded shared library C:\Program Files\Microsoft\jdk-17.0.12.7-hotspot\bin\sunmscapi.dll

Deoptimization events (20 events):
Event: 0.618 Thread 0x000002311a5fbf70 Uncommon trap: trap_request=0xffffffde fr.pc=0x0000023129c71a34 relative=0x0000000000000114
Event: 0.618 Thread 0x000002311a5fbf70 Uncommon trap: reason=class_check action=maybe_recompile pc=0x0000023129c71a34 method=jdk.internal.misc.Unsafe.allocateUninitializedArray(Ljava/lang/Class;I)Ljava/lang/Object; @ 51 c2
Event: 0.618 Thread 0x000002311a5fbf70 DEOPT PACKING pc=0x0000023129c71a34 sp=0x000000b7a41fa8a0
Event: 0.618 Thread 0x000002311a5fbf70 DEOPT UNPACKING pc=0x00000231296b69a3 sp=0x000000b7a41fa828 mode 2
Event: 0.618 Thread 0x000002311a5fbf70 Uncommon trap: trap_request=0xffffffde fr.pc=0x0000023129c71a34 relative=0x0000000000000114
Event: 0.618 Thread 0x000002311a5fbf70 Uncommon trap: reason=class_check action=maybe_recompile pc=0x0000023129c71a34 method=jdk.internal.misc.Unsafe.allocateUninitializedArray(Ljava/lang/Class;I)Ljava/lang/Object; @ 51 c2
Event: 0.618 Thread 0x000002311a5fbf70 DEOPT PACKING pc=0x0000023129c71a34 sp=0x000000b7a41fa8d0
Event: 0.618 Thread 0x000002311a5fbf70 DEOPT UNPACKING pc=0x00000231296b69a3 sp=0x000000b7a41fa858 mode 2
Event: 0.618 Thread 0x000002311a5fbf70 Uncommon trap: trap_request=0xffffffde fr.pc=0x0000023129c71a34 relative=0x0000000000000114
Event: 0.618 Thread 0x000002311a5fbf70 Uncommon trap: reason=class_check action=maybe_recompile pc=0x0000023129c71a34 method=jdk.internal.misc.Unsafe.allocateUninitializedArray(Ljava/lang/Class;I)Ljava/lang/Object; @ 51 c2
Event: 0.618 Thread 0x000002311a5fbf70 DEOPT PACKING pc=0x0000023129c71a34 sp=0x000000b7a41fa970
Event: 0.618 Thread 0x000002311a5fbf70 DEOPT UNPACKING pc=0x00000231296b69a3 sp=0x000000b7a41fa8f8 mode 2
Event: 0.663 Thread 0x000002311a5fbf70 DEOPT PACKING pc=0x000002312226b9b8 sp=0x000000b7a41fa760
Event: 0.663 Thread 0x000002311a5fbf70 DEOPT UNPACKING pc=0x00000231296b7143 sp=0x000000b7a41f9c78 mode 0
Event: 0.757 Thread 0x000002311a5fbf70 Uncommon trap: trap_request=0xffffff45 fr.pc=0x0000023129c3cc60 relative=0x0000000000000620
Event: 0.757 Thread 0x000002311a5fbf70 Uncommon trap: reason=unstable_if action=reinterpret pc=0x0000023129c3cc60 method=java.lang.AbstractStringBuilder.append(Ljava/lang/String;)Ljava/lang/AbstractStringBuilder; @ 1 c2
Event: 0.757 Thread 0x000002311a5fbf70 DEOPT PACKING pc=0x0000023129c3cc60 sp=0x000000b7a41fcb30
Event: 0.757 Thread 0x000002311a5fbf70 DEOPT UNPACKING pc=0x00000231296b69a3 sp=0x000000b7a41fcab0 mode 2
Event: 29.208 Thread 0x000002311a5fbf70 DEOPT PACKING pc=0x0000023122375535 sp=0x000000b7a41fc7e0
Event: 29.208 Thread 0x000002311a5fbf70 DEOPT UNPACKING pc=0x00000231296b7143 sp=0x000000b7a41fbc78 mode 0

Classes loaded (20 events):
Event: 13.820 Loading class jdk/internal/logger/LazyLoggers$LazyLoggerFactories
Event: 13.820 Loading class jdk/internal/logger/LazyLoggers$LazyLoggerFactories done
Event: 13.822 Loading class jdk/internal/logger/LoggerFinderLoader
Event: 13.822 Loading class jdk/internal/logger/LoggerFinderLoader done
Event: 13.823 Loading class jdk/internal/logger/LoggerFinderLoader$TemporaryLoggerFinder
Event: 13.823 Loading class jdk/internal/logger/LoggerFinderLoader$TemporaryLoggerFinder done
Event: 13.823 Loading class sun/util/logging/internal/LoggingProviderImpl$JULWrapper
Event: 13.824 Loading class sun/util/logging/PlatformLogger$ConfigurableBridge$LoggerConfiguration
Event: 13.825 Loading class sun/util/logging/PlatformLogger$ConfigurableBridge$LoggerConfiguration done
Event: 13.825 Loading class sun/util/logging/internal/LoggingProviderImpl$JULWrapper done
Event: 13.825 Loading class java/io/ObjectInputFilter
Event: 13.826 Loading class java/io/ObjectInputFilter done
Event: 13.827 Loading class java/io/ObjectInputFilter$Config$BuiltinFilterFactory
Event: 13.827 Loading class java/io/ObjectInputFilter$Config$BuiltinFilterFactory done
Event: 13.827 Loading class jdk/internal/access/JavaObjectInputFilterAccess
Event: 13.827 Loading class jdk/internal/access/JavaObjectInputFilterAccess done
Event: 13.828 Loading class java/lang/System$Logger$Level
Event: 13.828 Loading class java/lang/System$Logger$Level done
Event: 13.828 Loading class java/io/Bits
Event: 13.829 Loading class java/io/Bits done

Classes unloaded (0 events):
No events

Classes redefined (0 events):
No events

Internal exceptions (19 events):
Event: 0.087 Thread 0x000002311a5fbf70 Exception <a 'java/lang/NoSuchMethodError'{0x00000000ffdf96f8}: 'int java.lang.invoke.DirectMethodHandle$Holder.invokeStaticInit(java.lang.Object, java.lang.Object)'> (0x00000000ffdf96f8) 
thrown [s\src\hotspot\share\interpreter\linkResolver.cpp, line 759]
Event: 0.419 Thread 0x000002311a5fbf70 Exception <a 'java/lang/NoSuchMethodError'{0x00000000ffcc09e8}: 'void java.lang.invoke.DirectMethodHandle$Holder.invokeStatic(java.lang.Object, java.lang.Object)'> (0x00000000ffcc09e8) 
thrown [s\src\hotspot\share\interpreter\linkResolver.cpp, line 759]
Event: 0.432 Thread 0x000002311a5fbf70 Exception <a 'java/lang/NoClassDefFoundError'{0x00000000ffb5d278}: org/slf4j/impl/StaticMarkerBinder> (0x00000000ffb5d278) 
thrown [s\src\hotspot\share\classfile\systemDictionary.cpp, line 245]
Event: 0.438 Thread 0x000002311a5fbf70 Exception <a 'java/lang/NoSuchMethodError'{0x00000000ffbce578}: 'java.lang.Object java.lang.invoke.DirectMethodHandle$Holder.invokeVirtual(java.lang.Object, java.lang.Object, java.lang.Object)'> (0x00000000ffbce578) 
thrown [s\src\hotspot\share\interpreter\linkResolver.cpp, line 759]
Event: 0.441 Thread 0x000002311a5fbf70 Exception <a 'java/lang/NoSuchMethodError'{0x00000000ffa15520}: 'java.lang.Object java.lang.invoke.DirectMethodHandle$Holder.invokeVirtual(java.lang.Object, java.lang.Object, java.lang.Object, java.lang.Object, java.lang.Object, java.lang.Object, java.lang.Object)'> (0x00000000ffa15520) 
thrown [s\src\hotspot\share\interpreter\linkResolver.cpp, line 759]
Event: 0.442 Thread 0x000002311a5fbf70 Exception <a 'java/lang/NoSuchMethodError'{0x00000000ffa26b18}: 'java.lang.Object java.lang.invoke.Invokers$Holder.invoker(java.lang.Object, java.lang.Object, java.lang.Object)'> (0x00000000ffa26b18) 
thrown [s\src\hotspot\share\interpreter\linkResolver.cpp, line 759]
Event: 0.443 Thread 0x000002311a5fbf70 Exception <a 'java/lang/NoSuchMethodError'{0x00000000ffa2fa90}: 'java.lang.Object java.lang.invoke.DirectMethodHandle$Holder.invokeStatic(java.lang.Object, java.lang.Object, int)'> (0x00000000ffa2fa90) 
thrown [s\src\hotspot\share\interpreter\linkResolver.cpp, line 759]
Event: 0.444 Thread 0x000002311a5fbf70 Exception <a 'java/lang/NoSuchMethodError'{0x00000000ffa3b780}: 'void java.lang.invoke.DelegatingMethodHandle$Holder.delegate(java.lang.Object, java.lang.Object, int, java.lang.Object)'> (0x00000000ffa3b780) 
thrown [s\src\hotspot\share\interpreter\linkResolver.cpp, line 759]
Event: 0.444 Thread 0x000002311a5fbf70 Exception <a 'java/lang/NoSuchMethodError'{0x00000000ffa3f8c8}: 'int java.lang.invoke.DirectMethodHandle$Holder.invokeSpecial(java.lang.Object, java.lang.Object, java.lang.Object)'> (0x00000000ffa3f8c8) 
thrown [s\src\hotspot\share\interpreter\linkResolver.cpp, line 759]
Event: 0.445 Thread 0x000002311a5fbf70 Exception <a 'java/lang/NoSuchMethodError'{0x00000000ffa52a10}: 'java.lang.Object java.lang.invoke.Invokers$Holder.invokeExact_MT(java.lang.Object, java.lang.Object, java.lang.Object, java.lang.Object)'> (0x00000000ffa52a10) 
thrown [s\src\hotspot\share\interpreter\linkResolver.cpp, line 759]
Event: 0.593 Thread 0x000002311a5fbf70 Exception <a 'java/lang/NoSuchMethodError'{0x00000000ff443b50}: 'void java.lang.invoke.DirectMethodHandle$Holder.invokeSpecial(java.lang.Object, java.lang.Object, java.lang.Object)'> (0x00000000ff443b50) 
thrown [s\src\hotspot\share\interpreter\linkResolver.cpp, line 759]
Event: 0.598 Thread 0x000002311a5fbf70 Implicit null exception at 0x0000023129c60fb1 to 0x0000023129c613fc
Event: 0.598 Thread 0x000002311a5fbf70 Implicit null exception at 0x0000023129c54c2c to 0x0000023129c55054
Event: 0.609 Thread 0x000002311a5fbf70 Exception <a 'java/lang/NoSuchMethodError'{0x00000000ff3bf078}: 'java.lang.Object java.lang.invoke.DirectMethodHandle$Holder.invokeStaticInit(java.lang.Object)'> (0x00000000ff3bf078) 
thrown [s\src\hotspot\share\interpreter\linkResolver.cpp, line 759]
Event: 0.621 Thread 0x000002311a5fbf70 Exception <a 'java/lang/NoSuchMethodError'{0x00000000ff255400}: 'int java.lang.invoke.DirectMethodHandle$Holder.invokeVirtual(java.lang.Object, java.lang.Object, java.lang.Object)'> (0x00000000ff255400) 
thrown [s\src\hotspot\share\interpreter\linkResolver.cpp, line 759]
Event: 0.672 Thread 0x000002311a5fbf70 Exception <a 'java/lang/NoSuchMethodError'{0x00000000fed14688}: 'java.lang.Object java.lang.invoke.DirectMethodHandle$Holder.invokeStaticInit(java.lang.Object, int, int, int, int)'> (0x00000000fed14688) 
thrown [s\src\hotspot\share\interpreter\linkResolver.cpp, line 759]
Event: 0.701 Thread 0x000002311a5fbf70 Exception <a 'java/lang/NoSuchMethodError'{0x00000000fed66eb8}: 'java.lang.Object java.lang.invoke.DirectMethodHandle$Holder.invokeStaticInit(java.lang.Object, java.lang.Object, int, int, int, int)'> (0x00000000fed66eb8) 
thrown [s\src\hotspot\share\interpreter\linkResolver.cpp, line 759]
Event: 0.747 Thread 0x000002311a5fbf70 Exception <a 'java/lang/NoSuchMethodError'{0x00000000fed97fd0}: 'void java.lang.invoke.DirectMethodHandle$Holder.invokeStatic(java.lang.Object, java.lang.Object, java.lang.Object)'> (0x00000000fed97fd0) 
thrown [s\src\hotspot\share\interpreter\linkResolver.cpp, line 759]
Event: 0.757 Thread 0x000002311a5fbf70 Implicit null exception at 0x0000023129c3c672 to 0x0000023129c3cc48

VM Operations (20 events):
Event: 26.951 Executing VM operation: Cleanup
Event: 26.951 Executing VM operation: Cleanup done
Event: 27.966 Executing VM operation: Cleanup
Event: 27.966 Executing VM operation: Cleanup done
Event: 29.987 Executing VM operation: Cleanup
Event: 29.987 Executing VM operation: Cleanup done
Event: 39.065 Executing VM operation: Cleanup
Event: 39.065 Executing VM operation: Cleanup done
Event: 53.173 Executing VM operation: Cleanup
Event: 53.173 Executing VM operation: Cleanup done
Event: 58.204 Executing VM operation: Cleanup
Event: 58.204 Executing VM operation: Cleanup done
Event: 60.156 Executing VM operation: HandshakeAllThreads
Event: 60.156 Executing VM operation: HandshakeAllThreads done
Event: 63.193 Executing VM operation: Cleanup
Event: 63.193 Executing VM operation: Cleanup done
Event: 64.207 Executing VM operation: Cleanup
Event: 64.207 Executing VM operation: Cleanup done
Event: 73.273 Executing VM operation: Cleanup
Event: 73.273 Executing VM operation: Cleanup done

Events (15 events):
Event: 0.015 Thread 0x000002311a5fbf70 Thread added: 0x000002311a5fbf70
Event: 0.016 Thread 0x000002311a6abd50 Thread added: 0x000002311a6abd50
Event: 0.016 Thread 0x000002311a6acbd0 Thread added: 0x000002311a6acbd0
Event: 0.021 Thread 0x0000023134442e10 Thread added: 0x0000023134442e10
Event: 0.021 Thread 0x00000231344439d0 Thread added: 0x00000231344439d0
Event: 0.021 Thread 0x00000231344473b0 Thread added: 0x00000231344473b0
Event: 0.021 Thread 0x0000023134449d80 Thread added: 0x0000023134449d80
Event: 0.021 Thread 0x000002313444ab20 Thread added: 0x000002313444ab20
Event: 0.021 Thread 0x000002313444c530 Thread added: 0x000002313444c530
Event: 0.021 Thread 0x000002313444cf30 Thread added: 0x000002313444cf30
Event: 0.028 Thread 0x000002313458fb80 Thread added: 0x000002313458fb80
Event: 0.029 Thread 0x0000023134596110 Thread added: 0x0000023134596110
Event: 0.537 Thread 0x000002317a3139f0 Thread added: 0x000002317a3139f0
Event: 0.813 Thread 0x000002317a9c1a40 Thread added: 0x000002317a9c1a40
Event: 0.815 Thread 0x000002317a999190 Thread added: 0x000002317a999190


Dynamic libraries:
0x00007ff739ab0000 - 0x00007ff739abe000 	C:\Program Files\Microsoft\jdk-17.0.12.7-hotspot\bin\java.exe
0x00007fff3a510000 - 0x00007fff3a708000 	C:\Windows\SYSTEM32\ntdll.dll
0x00007fff3a1e0000 - 0x00007fff3a2a1000 	C:\Windows\System32\KERNEL32.DLL
0x00007fff37c80000 - 0x00007fff37f76000 	C:\Windows\System32\KERNELBASE.dll
0x00007fff382a0000 - 0x00007fff383a0000 	C:\Windows\System32\ucrtbase.dll
0x00007fff1a0b0000 - 0x00007fff1a0c7000 	C:\Program Files\Microsoft\jdk-17.0.12.7-hotspot\bin\jli.dll
0x00007fff184d0000 - 0x00007fff184ed000 	C:\Program Files\Microsoft\jdk-17.0.12.7-hotspot\bin\VCRUNTIME140.dll
0x00007fff39d20000 - 0x00007fff39ebf000 	C:\Windows\System32\USER32.dll
0x00007fff37c50000 - 0x00007fff37c72000 	C:\Windows\System32\win32u.dll
0x00007fff1e930000 - 0x00007fff1ebca000 	C:\Windows\WinSxS\amd64_microsoft.windows.common-controls_6595b64144ccf1df_6.0.19041.4355_none_60b8b9eb71f62e16\COMCTL32.dll
0x00007fff38b90000 - 0x00007fff38bbb000 	C:\Windows\System32\GDI32.dll
0x00007fff38ca0000 - 0x00007fff38d3e000 	C:\Windows\System32\msvcrt.dll
0x00007fff38420000 - 0x00007fff38537000 	C:\Windows\System32\gdi32full.dll
0x00007fff38030000 - 0x00007fff380cd000 	C:\Windows\System32\msvcp_win.dll
0x00007fff3a140000 - 0x00007fff3a16f000 	C:\Windows\System32\IMM32.DLL
0x00007fff319a0000 - 0x00007fff319ac000 	C:\Program Files\Microsoft\jdk-17.0.12.7-hotspot\bin\vcruntime140_1.dll
0x00007fff10fc0000 - 0x00007fff1104d000 	C:\Program Files\Microsoft\jdk-17.0.12.7-hotspot\bin\msvcp140.dll
0x00007ffef0810000 - 0x00007ffef1480000 	C:\Program Files\Microsoft\jdk-17.0.12.7-hotspot\bin\server\jvm.dll
0x00007fff3a420000 - 0x00007fff3a4d0000 	C:\Windows\System32\ADVAPI32.dll
0x00007fff39ec0000 - 0x00007fff39f60000 	C:\Windows\System32\sechost.dll
0x00007fff388b0000 - 0x00007fff389d3000 	C:\Windows\System32\RPCRT4.dll
0x00007fff383a0000 - 0x00007fff383c7000 	C:\Windows\System32\bcrypt.dll
0x00007fff3a170000 - 0x00007fff3a1db000 	C:\Windows\System32\WS2_32.dll
0x00007fff37140000 - 0x00007fff3718b000 	C:\Windows\SYSTEM32\POWRPROF.dll
0x00007fff21f70000 - 0x00007fff21f7a000 	C:\Windows\SYSTEM32\VERSION.dll
0x00007fff2c580000 - 0x00007fff2c5a7000 	C:\Windows\SYSTEM32\WINMM.dll
0x00007fff36fb0000 - 0x00007fff36fc2000 	C:\Windows\SYSTEM32\UMPDC.dll
0x00007fff363d0000 - 0x00007fff363e2000 	C:\Windows\SYSTEM32\kernel.appcore.dll
0x00007fff31940000 - 0x00007fff3194a000 	C:\Program Files\Microsoft\jdk-17.0.12.7-hotspot\bin\jimage.dll
0x00007fff35950000 - 0x00007fff35b34000 	C:\Windows\SYSTEM32\DBGHELP.DLL
0x00007fff2d7b0000 - 0x00007fff2d7e4000 	C:\Windows\SYSTEM32\dbgcore.DLL
0x00007fff37bc0000 - 0x00007fff37c42000 	C:\Windows\System32\bcryptPrimitives.dll
0x00007fff17ba0000 - 0x00007fff17bc5000 	C:\Program Files\Microsoft\jdk-17.0.12.7-hotspot\bin\java.dll
0x00007fff092e0000 - 0x00007fff093b7000 	C:\Program Files\Microsoft\jdk-17.0.12.7-hotspot\bin\jsvml.dll
0x00007fff38d40000 - 0x00007fff394ac000 	C:\Windows\System32\SHELL32.dll
0x00007fff35c20000 - 0x00007fff363be000 	C:\Windows\SYSTEM32\windows.storage.dll
0x00007fff38540000 - 0x00007fff38893000 	C:\Windows\System32\combase.dll
0x00007fff375e0000 - 0x00007fff3760e000 	C:\Windows\SYSTEM32\Wldp.dll
0x00007fff3a340000 - 0x00007fff3a40d000 	C:\Windows\System32\OLEAUT32.dll
0x00007fff39c70000 - 0x00007fff39d1d000 	C:\Windows\System32\SHCORE.dll
0x00007fff396b0000 - 0x00007fff39705000 	C:\Windows\System32\shlwapi.dll
0x00007fff37af0000 - 0x00007fff37b14000 	C:\Windows\SYSTEM32\profapi.dll
0x00007fff18470000 - 0x00007fff1848a000 	C:\Program Files\Microsoft\jdk-17.0.12.7-hotspot\bin\net.dll
0x00007fff31d60000 - 0x00007fff31e6a000 	C:\Windows\SYSTEM32\WINHTTP.dll
0x00007fff37340000 - 0x00007fff373aa000 	C:\Windows\system32\mswsock.dll
0x00007fff17950000 - 0x00007fff17966000 	C:\Program Files\Microsoft\jdk-17.0.12.7-hotspot\bin\nio.dll
0x00007fff17930000 - 0x00007fff17948000 	C:\Program Files\Microsoft\jdk-17.0.12.7-hotspot\bin\zip.dll
0x00007fff30dd0000 - 0x00007fff30de0000 	C:\Program Files\Microsoft\jdk-17.0.12.7-hotspot\bin\verify.dll
0x00007fff176f0000 - 0x00007fff17717000 	C:\Users\PMLS\.gradle\native\c067742578af261105cb4f569cf0c3c89f3d7b1fecec35dd04571415982c5e48\windows-amd64\native-platform.dll
0x00007fff304c0000 - 0x00007fff304ca000 	C:\Program Files\Microsoft\jdk-17.0.12.7-hotspot\bin\management.dll
0x00007fff30430000 - 0x00007fff3043b000 	C:\Program Files\Microsoft\jdk-17.0.12.7-hotspot\bin\management_ext.dll
0x00007fff388a0000 - 0x00007fff388a8000 	C:\Windows\System32\PSAPI.DLL
0x00007fff37530000 - 0x00007fff37548000 	C:\Windows\SYSTEM32\CRYPTSP.dll
0x00007fff36bf0000 - 0x00007fff36c24000 	C:\Windows\system32\rsaenh.dll
0x00007fff37a60000 - 0x00007fff37a8e000 	C:\Windows\SYSTEM32\USERENV.dll
0x00007fff37550000 - 0x00007fff3755c000 	C:\Windows\SYSTEM32\CRYPTBASE.dll
0x00007fff36fd0000 - 0x00007fff3700b000 	C:\Windows\SYSTEM32\IPHLPAPI.DLL
0x00007fff3a410000 - 0x00007fff3a418000 	C:\Windows\System32\NSI.dll
0x00007fff30ed0000 - 0x00007fff30ee7000 	C:\Windows\SYSTEM32\dhcpcsvc6.DLL
0x00007fff30cb0000 - 0x00007fff30ccd000 	C:\Windows\SYSTEM32\dhcpcsvc.DLL
0x00007fff37010000 - 0x00007fff370da000 	C:\Windows\SYSTEM32\DNSAPI.dll
0x00007fff30210000 - 0x00007fff30219000 	C:\Program Files\Microsoft\jdk-17.0.12.7-hotspot\bin\extnet.dll
0x00007fff2d660000 - 0x00007fff2d66e000 	C:\Program Files\Microsoft\jdk-17.0.12.7-hotspot\bin\sunmscapi.dll
0x00007fff38140000 - 0x00007fff3829e000 	C:\Windows\System32\CRYPT32.dll
0x00007fff37650000 - 0x00007fff37679000 	C:\Windows\SYSTEM32\ncrypt.dll
0x00007fff37610000 - 0x00007fff3764b000 	C:\Windows\SYSTEM32\NTASN1.dll
0x00007fff0a630000 - 0x00007fff0a637000 	C:\Windows\system32\wshunix.dll

dbghelp: loaded successfully - version: 4.0.5 - missing functions: none
symbol engine: initialized successfully - sym options: 0x614 - pdb path: .;C:\Program Files\Microsoft\jdk-17.0.12.7-hotspot\bin;C:\Windows\SYSTEM32;C:\Windows\WinSxS\amd64_microsoft.windows.common-controls_6595b64144ccf1df_6.0.19041.4355_none_60b8b9eb71f62e16;C:\Program Files\Microsoft\jdk-17.0.12.7-hotspot\bin\server;C:\Users\PMLS\.gradle\native\c067742578af261105cb4f569cf0c3c89f3d7b1fecec35dd04571415982c5e48\windows-amd64

VM Arguments:
jvm_args: -Xmx64m -Xms64m -Dorg.gradle.appname=gradlew 
java_command: org.gradle.wrapper.GradleWrapperMain app:installDebug -PreactNativeDevServerPort=8081
java_class_path (initial): D:\React Native\CoffeeApp\android\\gradle\wrapper\gradle-wrapper.jar
Launcher Type: SUN_STANDARD

[Global flags]
     intx CICompilerCount                          = 4                                         {product} {ergonomic}
     uint ConcGCThreads                            = 3                                         {product} {ergonomic}
     uint G1ConcRefinementThreads                  = 10                                        {product} {ergonomic}
   size_t G1HeapRegionSize                         = 1048576                                   {product} {ergonomic}
    uintx GCDrainStackTargetSize                   = 64                                        {product} {ergonomic}
   size_t InitialHeapSize                          = 67108864                                  {product} {command line}
   size_t MarkStackSize                            = 4194304                                   {product} {ergonomic}
   size_t MaxHeapSize                              = 67108864                                  {product} {command line}
   size_t MaxNewSize                               = 39845888                                  {product} {ergonomic}
   size_t MinHeapDeltaBytes                        = 1048576                                   {product} {ergonomic}
   size_t MinHeapSize                              = 67108864                                  {product} {command line}
    uintx NonNMethodCodeHeapSize                   = 5839372                                {pd product} {ergonomic}
    uintx NonProfiledCodeHeapSize                  = 122909434                              {pd product} {ergonomic}
    uintx ProfiledCodeHeapSize                     = 122909434                              {pd product} {ergonomic}
    uintx ReservedCodeCacheSize                    = 251658240                              {pd product} {ergonomic}
     bool SegmentedCodeCache                       = true                                      {product} {ergonomic}
   size_t SoftMaxHeapSize                          = 67108864                               {manageable} {ergonomic}
     bool UseCompressedClassPointers               = true                           {product lp64_product} {ergonomic}
     bool UseCompressedOops                        = true                           {product lp64_product} {ergonomic}
     bool UseG1GC                                  = true                                      {product} {ergonomic}
     bool UseLargePagesIndividualAllocation        = false                                  {pd product} {ergonomic}

Logging:
Log output configuration:
 #0: stdout all=warning uptime,level,tags
 #1: stderr all=off uptime,level,tags

Environment Variables:
JAVA_HOME=C:\Program Files\Microsoft\jdk-17.0.12.7-hotspot\
CLASSPATH=D:\React Native\CoffeeApp\android\\gradle\wrapper\gradle-wrapper.jar
PATH=D:\React Native\CoffeeApp\node_modules\.bin;D:\React Native\CoffeeApp\node_modules\.bin;D:\React Native\node_modules\.bin;D:\node_modules\.bin;C:\Program Files\nodejs\node_modules\npm\node_modules\@npmcli\run-script\lib\node-gyp-bin;D:\React Native\CoffeeApp\node_modules\.bin;D:\React Native\node_modules\.bin;D:\node_modules\.bin;C:\Program Files\nodejs\node_modules\npm\node_modules\@npmcli\run-script\lib\node-gyp-bin;C:\Program Files\Microsoft\jdk-17.0.12.7-hotspot\bin;C:\Python312\Scripts\;C:\Python312\;C:\Windows\system32;C:\Windows;C:\Windows\System32\Wbem;C:\Windows\System32\WindowsPowerShell\v1.0\;C:\Windows\System32\OpenSSH\;C:\Program Files\Git\cmd;C:\ProgramData\chocolatey\bin;C:\Program Files\nodejs\;C:\Users\PMLS\AppData\Local\Microsoft\WindowsApps;C:\Users\PMLS\AppData\Local\Programs\Microsoft VS Code\bin;C:\Users\PMLS\flutter\bin;C:\Program Files\Android\Android Studio\jbr\bin;C:\Users\PMLS\AppData\Roaming\npm;C:\Users\PMLS\AppData\Local\Android\Sdk\platform-tools;
USERNAME=PMYLS
LANG=en_US.UTF-8
OS=Windows_NT
PROCESSOR_IDENTIFIER=Intel64 Family 6 Model 154 Stepping 4, GenuineIntel
TMP=C:\Users\PMLS\AppData\Local\Temp
TEMP=C:\Users\PMLS\AppData\Local\Temp



Periodic native trim disabled


---------------  S Y S T E M  ---------------

OS:
 Windows 10 , 64 bit Build 19041 (10.0.19041.4597)
OS uptime: 19 days 15:40 hours

CPU: total 12 (initial active 12) (6 cores per cpu, 2 threads per core) family 6 model 154 stepping 4 microcode 0x432, cx8, cmov, fxsr, ht, mmx, 3dnowpref, sse, sse2, sse3, ssse3, sse4.1, sse4.2, popcnt, lzcnt, tsc, tscinvbit, avx, avx2, aes, erms, clmul, bmi1, bmi2, adx, sha, fma, vzeroupper, clflush, clflushopt, clwb
Processor Information for processor 0
  Max Mhz: 1300, Current Mhz: 1300, Mhz Limit: 1300
Processor Information for processor 1
  Max Mhz: 1300, Current Mhz: 1300, Mhz Limit: 1300
Processor Information for processor 2
  Max Mhz: 1300, Current Mhz: 1300, Mhz Limit: 1300
Processor Information for processor 3
  Max Mhz: 1300, Current Mhz: 1300, Mhz Limit: 1300
Processor Information for processor 4
  Max Mhz: 900, Current Mhz: 900, Mhz Limit: 900
Processor Information for processor 5
  Max Mhz: 900, Current Mhz: 900, Mhz Limit: 900
Processor Information for processor 6
  Max Mhz: 900, Current Mhz: 900, Mhz Limit: 900
Processor Information for processor 7
  Max Mhz: 900, Current Mhz: 900, Mhz Limit: 900
Processor Information for processor 8
  Max Mhz: 900, Current Mhz: 900, Mhz Limit: 900
Processor Information for processor 9
  Max Mhz: 900, Current Mhz: 900, Mhz Limit: 900
Processor Information for processor 10
  Max Mhz: 900, Current Mhz: 900, Mhz Limit: 900
Processor Information for processor 11
  Max Mhz: 900, Current Mhz: 900, Mhz Limit: 900

Memory: 4k page, system-wide physical 7916M (302M free)
TotalPageFile size 32111M (AvailPageFile size 4M)
current process WorkingSet (physical memory assigned to process): 24M, peak: 97M
current process commit charge ("private bytes"): 174M, peak: 175M

vm_info: OpenJDK 64-Bit Server VM (17.0.12+7-LTS) for windows-amd64 JRE (17.0.12+7-LTS), built on Jul 16 2024 18:11:44 by "MicrosoftCorporation" with unknown MS VC++:1939

END.
